[0m13:18:19.099266 [debug] [MainThread]: Sending event: {'category': 'dbt', 'action': 'invocation', 'label': 'start', 'context': [<snowplow_tracker.self_describing_json.SelfDescribingJson object at 0x108e7d1d0>, <snowplow_tracker.self_describing_json.SelfDescribingJson object at 0x108ee2d10>, <snowplow_tracker.self_describing_json.SelfDescribingJson object at 0x108ee3310>]}


============================== 13:18:19.101990 | 9c9202c7-b9bc-418c-9c73-13243fc447e5 ==============================
[0m13:18:19.101990 [info ] [MainThread]: Running with dbt=1.8.7
[0m13:18:19.102332 [debug] [MainThread]: running dbt with arguments {'printer_width': '80', 'indirect_selection': 'eager', 'write_json': 'True', 'log_cache_events': 'False', 'partial_parse': 'True', 'cache_selected_only': 'False', 'warn_error': 'None', 'version_check': 'True', 'fail_fast': 'False', 'log_path': '/Users/gmalige/Documents/github_spcs_dbt/spcs_dbt/spcs_dbt_demo/logs', 'profiles_dir': '/Users/gmalige/.dbt', 'debug': 'False', 'use_colors': 'True', 'use_experimental_parser': 'False', 'empty': 'None', 'quiet': 'False', 'no_print': 'None', 'log_format': 'default', 'invocation_command': 'dbt debug', 'static_parser': 'True', 'warn_error_options': 'WarnErrorOptions(include=[], exclude=[])', 'target_path': 'None', 'introspect': 'True', 'send_anonymous_usage_stats': 'True'}
[0m13:18:19.109213 [info ] [MainThread]: dbt version: 1.8.7
[0m13:18:19.109511 [info ] [MainThread]: python version: 3.11.5
[0m13:18:19.109693 [info ] [MainThread]: python path: /Users/gmalige/miniconda3/bin/python
[0m13:18:19.109845 [info ] [MainThread]: os info: macOS-15.3.1-arm64-arm-64bit
[0m13:18:19.260495 [info ] [MainThread]: Using profiles dir at /Users/gmalige/.dbt
[0m13:18:19.260856 [info ] [MainThread]: Using profiles.yml file at /Users/gmalige/.dbt/profiles.yml
[0m13:18:19.261014 [info ] [MainThread]: Using dbt_project.yml file at /Users/gmalige/Documents/github_spcs_dbt/spcs_dbt/spcs_dbt_demo/dbt_project.yml
[0m13:18:19.261463 [info ] [MainThread]: adapter type: snowflake
[0m13:18:19.261803 [info ] [MainThread]: adapter version: 1.8.3
[0m13:18:19.302054 [info ] [MainThread]: Configuration:
[0m13:18:19.302383 [info ] [MainThread]:   profiles.yml file [[32mOK found and valid[0m]
[0m13:18:19.302648 [info ] [MainThread]:   dbt_project.yml file [[32mOK found and valid[0m]
[0m13:18:19.302805 [info ] [MainThread]: Required dependencies:
[0m13:18:19.303246 [debug] [MainThread]: Executing "git --help"
[0m13:18:19.318662 [debug] [MainThread]: STDOUT: "b"usage: git [-v | --version] [-h | --help] [-C <path>] [-c <name>=<value>]\n           [--exec-path[=<path>]] [--html-path] [--man-path] [--info-path]\n           [-p | --paginate | -P | --no-pager] [--no-replace-objects] [--no-lazy-fetch]\n           [--no-optional-locks] [--no-advice] [--bare] [--git-dir=<path>]\n           [--work-tree=<path>] [--namespace=<name>] [--config-env=<name>=<envvar>]\n           <command> [<args>]\n\nThese are common Git commands used in various situations:\n\nstart a working area (see also: git help tutorial)\n   clone     Clone a repository into a new directory\n   init      Create an empty Git repository or reinitialize an existing one\n\nwork on the current change (see also: git help everyday)\n   add       Add file contents to the index\n   mv        Move or rename a file, a directory, or a symlink\n   restore   Restore working tree files\n   rm        Remove files from the working tree and from the index\n\nexamine the history and state (see also: git help revisions)\n   bisect    Use binary search to find the commit that introduced a bug\n   diff      Show changes between commits, commit and working tree, etc\n   grep      Print lines matching a pattern\n   log       Show commit logs\n   show      Show various types of objects\n   status    Show the working tree status\n\ngrow, mark and tweak your common history\n   branch    List, create, or delete branches\n   commit    Record changes to the repository\n   merge     Join two or more development histories together\n   rebase    Reapply commits on top of another base tip\n   reset     Reset current HEAD to the specified state\n   switch    Switch branches\n   tag       Create, list, delete or verify a tag object signed with GPG\n\ncollaborate (see also: git help workflows)\n   fetch     Download objects and refs from another repository\n   pull      Fetch from and integrate with another repository or a local branch\n   push      Update remote refs along with associated objects\n\n'git help -a' and 'git help -g' list available subcommands and some\nconcept guides. See 'git help <command>' or 'git help <concept>'\nto read about a specific subcommand or concept.\nSee 'git help git' for an overview of the system.\n""
[0m13:18:19.319429 [debug] [MainThread]: STDERR: "b''"
[0m13:18:19.319705 [info ] [MainThread]:  - git [[32mOK found[0m]

[0m13:18:19.319937 [info ] [MainThread]: Connection:
[0m13:18:19.320376 [info ] [MainThread]:   account: SFPSCOGS-ZDA_LONDON
[0m13:18:19.320547 [info ] [MainThread]:   user: spcs_usr
[0m13:18:19.320809 [info ] [MainThread]:   database: DBT_SPCS_DEMO_DB
[0m13:18:19.321147 [info ] [MainThread]:   warehouse: DBT_SPCS_DEMO_WH
[0m13:18:19.321304 [info ] [MainThread]:   role: DBT_SPCS_ROLE
[0m13:18:19.321431 [info ] [MainThread]:   schema: GM_DBT_SPCS
[0m13:18:19.321560 [info ] [MainThread]:   authenticator: None
[0m13:18:19.321685 [info ] [MainThread]:   oauth_client_id: None
[0m13:18:19.321809 [info ] [MainThread]:   query_tag: None
[0m13:18:19.321934 [info ] [MainThread]:   client_session_keep_alive: False
[0m13:18:19.322060 [info ] [MainThread]:   host: None
[0m13:18:19.322173 [info ] [MainThread]:   port: None
[0m13:18:19.322287 [info ] [MainThread]:   proxy_host: None
[0m13:18:19.322413 [info ] [MainThread]:   proxy_port: None
[0m13:18:19.322528 [info ] [MainThread]:   protocol: None
[0m13:18:19.322645 [info ] [MainThread]:   connect_retries: 1
[0m13:18:19.322759 [info ] [MainThread]:   connect_timeout: None
[0m13:18:19.322877 [info ] [MainThread]:   retry_on_database_errors: False
[0m13:18:19.322997 [info ] [MainThread]:   retry_all: False
[0m13:18:19.323111 [info ] [MainThread]:   insecure_mode: False
[0m13:18:19.323230 [info ] [MainThread]:   reuse_connections: None
[0m13:18:19.323578 [info ] [MainThread]: Registered adapter: snowflake=1.8.3
[0m13:18:19.327978 [debug] [MainThread]: Acquiring new snowflake connection 'debug'
[0m13:18:19.329300 [debug] [MainThread]: Using snowflake connection "debug"
[0m13:18:19.329719 [debug] [MainThread]: On debug: select 1 as id
[0m13:18:19.330020 [debug] [MainThread]: Opening a new connection, currently in state init
[0m13:18:23.777395 [debug] [MainThread]: Snowflake adapter: Error running SQL: select 1 as id
[0m13:18:23.777871 [debug] [MainThread]: Snowflake adapter: Rolling back transaction.
[0m13:18:23.778086 [debug] [MainThread]: On debug: No close available on handle
[0m13:18:23.778410 [info ] [MainThread]:   Connection test: [[31mERROR[0m]

[0m13:18:23.778865 [info ] [MainThread]: [31m1 check failed:[0m
[0m13:18:23.779031 [info ] [MainThread]: dbt was unable to connect to the specified database.
The database returned the following error:

  >Database Error
  250001 (08001): Failed to connect to DB: SFPSCOGS-ZDA_LONDON.snowflakecomputing.com:443. Role 'DBT_SPCS_ROLE' specified in the connect string is not granted to this user. Contact your local system administrator, or attempt to login with another role, e.g. PUBLIC.

Check your database credentials and try again. For more information, visit:
https://docs.getdbt.com/docs/configure-your-profile


[0m13:18:23.781223 [debug] [MainThread]: Resource report: {"command_name": "debug", "command_wall_clock_time": 4.72279, "process_user_time": 0.768817, "process_kernel_time": 0.213449, "process_mem_max_rss": "127156224", "command_success": false, "process_in_blocks": "0", "process_out_blocks": "0"}
[0m13:18:23.781653 [debug] [MainThread]: Command `dbt debug` failed at 13:18:23.781589 after 4.72 seconds
[0m13:18:23.782026 [debug] [MainThread]: Connection 'debug' was properly closed.
[0m13:18:23.782283 [debug] [MainThread]: Sending event: {'category': 'dbt', 'action': 'invocation', 'label': 'end', 'context': [<snowplow_tracker.self_describing_json.SelfDescribingJson object at 0x10569f910>, <snowplow_tracker.self_describing_json.SelfDescribingJson object at 0x108eef610>, <snowplow_tracker.self_describing_json.SelfDescribingJson object at 0x10a073050>]}
[0m13:18:23.782509 [debug] [MainThread]: Flushing usage events
